2019-04-21T09:49:30+00:00 CRITICAL Uncaught Error: Call to undefined function twentynineteen_can_show_post_thumbnail() in /opt/lampp/htdocs/wordpress/site1/wp-content/themes/lignesDirectes/header.php:14
Stack trace:
#0 /opt/lampp/htdocs/wordpress/site1/wp-includes/template.php(704): require_once()
#1 /opt/lampp/htdocs/wordpress/site1/wp-includes/template.php(653): load_template('/opt/lampp/htdo...', true)
#2 /opt/lampp/htdocs/wordpress/site1/wp-includes/general-template.php(41): locate_template(Array, true)
#3 /opt/lampp/htdocs/wordpress/site1/wp-content/themes/lignesDirectes/index.php(1): get_header()
#4 /opt/lampp/htdocs/wordpress/site1/wp-includes/template-loader.php(77): include('/opt/lampp/htdo...')
#5 /opt/lampp/htdocs/wordpress/site1/wp-blog-header.php(19): require_once('/opt/lampp/htdo...')
#6 /opt/lampp/htdocs/wordpress/site1/index.php(17): require('/opt/lampp/htdo...')
#7 {main}
  thrown dans /opt/lampp/htdocs/wordpress/site1/wp-content/themes/lignesDirectes/header.php à la ligne 14

2019-04-21T09:54:22+00:00 CRITICAL Uncaught Error: Call to undefined function twentynineteen_can_show_post_thumbnail() in /opt/lampp/htdocs/wordpress/site1/wp-content/themes/lignesDirectes/header.php:14
Stack trace:
#0 /opt/lampp/htdocs/wordpress/site1/wp-includes/template.php(704): require_once()
#1 /opt/lampp/htdocs/wordpress/site1/wp-includes/template.php(653): load_template('/opt/lampp/htdo...', true)
#2 /opt/lampp/htdocs/wordpress/site1/wp-includes/general-template.php(41): locate_template(Array, true)
#3 /opt/lampp/htdocs/wordpress/site1/wp-content/themes/lignesDirectes/index.php(1): get_header()
#4 /opt/lampp/htdocs/wordpress/site1/wp-includes/template-loader.php(77): include('/opt/lampp/htdo...')
#5 /opt/lampp/htdocs/wordpress/site1/wp-blog-header.php(19): require_once('/opt/lampp/htdo...')
#6 /opt/lampp/htdocs/wordpress/site1/index.php(17): require('/opt/lampp/htdo...')
#7 {main}
  thrown dans /opt/lampp/htdocs/wordpress/site1/wp-content/themes/lignesDirectes/header.php à la ligne 14

2019-04-21T10:11:04+00:00 CRITICAL Uncaught Error: Call to undefined function twentynineteen_can_show_post_thumbnail() in /opt/lampp/htdocs/wordpress/site1/wp-content/themes/lignesDirectes/header.php:16
Stack trace:
#0 /opt/lampp/htdocs/wordpress/site1/wp-includes/template.php(704): require_once()
#1 /opt/lampp/htdocs/wordpress/site1/wp-includes/template.php(653): load_template('/opt/lampp/htdo...', true)
#2 /opt/lampp/htdocs/wordpress/site1/wp-includes/general-template.php(41): locate_template(Array, true)
#3 /opt/lampp/htdocs/wordpress/site1/wp-content/themes/lignesDirectes/index.php(1): get_header()
#4 /opt/lampp/htdocs/wordpress/site1/wp-includes/template-loader.php(77): include('/opt/lampp/htdo...')
#5 /opt/lampp/htdocs/wordpress/site1/wp-blog-header.php(19): require_once('/opt/lampp/htdo...')
#6 /opt/lampp/htdocs/wordpress/site1/index.php(17): require('/opt/lampp/htdo...')
#7 {main}
  thrown dans /opt/lampp/htdocs/wordpress/site1/wp-content/themes/lignesDirectes/header.php à la ligne 16

2019-04-21T10:14:49+00:00 CRITICAL Uncaught Error: Call to undefined function twentynineteen_the_posts_navigation() in /opt/lampp/htdocs/wordpress/site1/wp-content/themes/lignesDirectes/index.php:16
Stack trace:
#0 /opt/lampp/htdocs/wordpress/site1/wp-includes/template-loader.php(77): include()
#1 /opt/lampp/htdocs/wordpress/site1/wp-blog-header.php(19): require_once('/opt/lampp/htdo...')
#2 /opt/lampp/htdocs/wordpress/site1/index.php(17): require('/opt/lampp/htdo...')
#3 {main}
  thrown dans /opt/lampp/htdocs/wordpress/site1/wp-content/themes/lignesDirectes/index.php à la ligne 16

2019-04-21T10:15:33+00:00 CRITICAL Uncaught Error: Call to undefined function twentynineteen_the_posts_navigation() in /opt/lampp/htdocs/wordpress/site1/wp-content/themes/lignesDirectes/index.php:16
Stack trace:
#0 /opt/lampp/htdocs/wordpress/site1/wp-includes/template-loader.php(77): include()
#1 /opt/lampp/htdocs/wordpress/site1/wp-blog-header.php(19): require_once('/opt/lampp/htdo...')
#2 /opt/lampp/htdocs/wordpress/site1/index.php(17): require('/opt/lampp/htdo...')
#3 {main}
  thrown dans /opt/lampp/htdocs/wordpress/site1/wp-content/themes/lignesDirectes/index.php à la ligne 16

2019-04-21T10:16:13+00:00 CRITICAL Uncaught Error: Call to undefined function twentynineteen_can_show_post_thumbnail() in /opt/lampp/htdocs/wordpress/site1/wp-content/themes/lignesDirectes/header.php:16
Stack trace:
#0 /opt/lampp/htdocs/wordpress/site1/wp-includes/template.php(704): require_once()
#1 /opt/lampp/htdocs/wordpress/site1/wp-includes/template.php(653): load_template('/opt/lampp/htdo...', true)
#2 /opt/lampp/htdocs/wordpress/site1/wp-includes/general-template.php(41): locate_template(Array, true)
#3 /opt/lampp/htdocs/wordpress/site1/wp-content/themes/lignesDirectes/index.php(1): get_header()
#4 /opt/lampp/htdocs/wordpress/site1/wp-includes/template-loader.php(77): include('/opt/lampp/htdo...')
#5 /opt/lampp/htdocs/wordpress/site1/wp-blog-header.php(19): require_once('/opt/lampp/htdo...')
#6 /opt/lampp/htdocs/wordpress/site1/index.php(17): require('/opt/lampp/htdo...')
#7 {main}
  thrown dans /opt/lampp/htdocs/wordpress/site1/wp-content/themes/lignesDirectes/header.php à la ligne 16

2019-04-21T10:19:11+00:00 CRITICAL Uncaught Error: Call to undefined function twentynineteen_can_show_post_thumbnail() in /opt/lampp/htdocs/wordpress/site1/wp-content/themes/lignesDirectes/header.php:15
Stack trace:
#0 /opt/lampp/htdocs/wordpress/site1/wp-includes/template.php(704): require_once()
#1 /opt/lampp/htdocs/wordpress/site1/wp-includes/template.php(653): load_template('/opt/lampp/htdo...', true)
#2 /opt/lampp/htdocs/wordpress/site1/wp-includes/general-template.php(41): locate_template(Array, true)
#3 /opt/lampp/htdocs/wordpress/site1/wp-content/themes/lignesDirectes/index.php(1): get_header()
#4 /opt/lampp/htdocs/wordpress/site1/wp-includes/template-loader.php(77): include('/opt/lampp/htdo...')
#5 /opt/lampp/htdocs/wordpress/site1/wp-blog-header.php(19): require_once('/opt/lampp/htdo...')
#6 /opt/lampp/htdocs/wordpress/site1/index.php(17): require('/opt/lampp/htdo...')
#7 {main}
  thrown dans /opt/lampp/htdocs/wordpress/site1/wp-content/themes/lignesDirectes/header.php à la ligne 15

2019-04-21T10:32:09+00:00 CRITICAL syntax error, unexpected 'wp_enqueue_style' (T_STRING) dans /opt/lampp/htdocs/wordpress/site1/wp-content/themes/lignesDirectes/functions.php à la ligne 10

2019-04-21T10:32:38+00:00 CRITICAL syntax error, unexpected '}' dans /opt/lampp/htdocs/wordpress/site1/wp-content/themes/lignesDirectes/functions.php à la ligne 12

2019-04-21T12:58:31+00:00 CRITICAL Uncaught Error: Call to undefined function get_template_uri() in /opt/lampp/htdocs/wordpress/site1/wp-content/themes/hestiaChild/functions.php:12
Stack trace:
#0 /opt/lampp/htdocs/wordpress/site1/wp-includes/class-wp-hook.php(286): theme_enqueue_styles('')
#1 /opt/lampp/htdocs/wordpress/site1/wp-includes/class-wp-hook.php(310): WP_Hook->apply_filters(NULL, Array)
#2 /opt/lampp/htdocs/wordpress/site1/wp-includes/plugin.php(465): WP_Hook->do_action(Array)
#3 /opt/lampp/htdocs/wordpress/site1/wp-includes/script-loader.php(2463): do_action('wp_enqueue_scri...')
#4 /opt/lampp/htdocs/wordpress/site1/wp-content/themes/hestiaChild/header.php(5): wp_enqueue_scripts()
#5 /opt/lampp/htdocs/wordpress/site1/wp-includes/template.php(704): require_once('/opt/lampp/htdo...')
#6 /opt/lampp/htdocs/wordpress/site1/wp-includes/template.php(653): load_template('/opt/lampp/htdo...', true)
#7 /opt/lampp/htdocs/wordpress/site1/wp-includes/general-template.php(41): locate_template(Array, true)
#8 /opt/lampp/htdocs/wordpress/site1/wp- dans /opt/lampp/htdocs/wordpress/site1/wp-content/themes/hestiaChild/functions.php à la ligne 12

2019-04-21T12:58:53+00:00 CRITICAL Uncaught Error: Call to undefined function get_template_uri() in /opt/lampp/htdocs/wordpress/site1/wp-content/themes/hestiaChild/functions.php:12
Stack trace:
#0 /opt/lampp/htdocs/wordpress/site1/wp-includes/class-wp-hook.php(286): theme_enqueue_styles('')
#1 /opt/lampp/htdocs/wordpress/site1/wp-includes/class-wp-hook.php(310): WP_Hook->apply_filters(NULL, Array)
#2 /opt/lampp/htdocs/wordpress/site1/wp-includes/plugin.php(465): WP_Hook->do_action(Array)
#3 /opt/lampp/htdocs/wordpress/site1/wp-includes/script-loader.php(2463): do_action('wp_enqueue_scri...')
#4 /opt/lampp/htdocs/wordpress/site1/wp-content/themes/hestiaChild/header.php(5): wp_enqueue_scripts()
#5 /opt/lampp/htdocs/wordpress/site1/wp-includes/template.php(704): require_once('/opt/lampp/htdo...')
#6 /opt/lampp/htdocs/wordpress/site1/wp-includes/template.php(653): load_template('/opt/lampp/htdo...', true)
#7 /opt/lampp/htdocs/wordpress/site1/wp-includes/general-template.php(41): locate_template(Array, true)
#8 /opt/lampp/htdocs/wordpress/site1/wp- dans /opt/lampp/htdocs/wordpress/site1/wp-content/themes/hestiaChild/functions.php à la ligne 12

2019-04-21T13:24:49+00:00 CRITICAL Uncaught Error: Call to undefined function base_url() in /opt/lampp/htdocs/wordpress/site1/wp-content/themes/hestiaChild/header.php:17
Stack trace:
#0 /opt/lampp/htdocs/wordpress/site1/wp-includes/template.php(704): require_once()
#1 /opt/lampp/htdocs/wordpress/site1/wp-includes/template.php(653): load_template('/opt/lampp/htdo...', true)
#2 /opt/lampp/htdocs/wordpress/site1/wp-includes/general-template.php(41): locate_template(Array, true)
#3 /opt/lampp/htdocs/wordpress/site1/wp-content/themes/hestia/front-page.php(16): get_header()
#4 /opt/lampp/htdocs/wordpress/site1/wp-includes/template-loader.php(77): include('/opt/lampp/htdo...')
#5 /opt/lampp/htdocs/wordpress/site1/wp-blog-header.php(19): require_once('/opt/lampp/htdo...')
#6 /opt/lampp/htdocs/wordpress/site1/index.php(17): require('/opt/lampp/htdo...')
#7 {main}
  thrown dans /opt/lampp/htdocs/wordpress/site1/wp-content/themes/hestiaChild/header.php à la ligne 17

2019-04-21T23:58:24+00:00 CRITICAL require(): Failed opening required 'vendor/autoload.php' (include_path='.:/opt/lampp/lib/php') dans /opt/lampp/htdocs/wordpress/site1/wp-content/themes/hestiaChild/functions.php à la ligne 2

